<?xml version="1.0" encoding="UTF-8"?>
<!-- Generated by org.testng.reporters.JUnitXMLReporter -->
<testsuite hostname="DESKTOP-EAC6D0I" ignored="0" name="VerifyTitle" tests="1" failures="0" timestamp="19 Jun 2020 13:38:24 GMT" time="0.031" errors="0">
  <testcase name="@AfterMethod getResult" time="0.0" classname="Constaints.Constaints">
    <skipped/>
  </testcase> <!-- @AfterMethod getResult -->
  <testcase name="@AfterTest endReport" time="0.0" classname="Constaints.Constaints">
    <skipped/>
  </testcase> <!-- @AfterTest endReport -->
  <testcase name="verifyPageTitle" time="0.0" classname="MountainGearTests.Title">
    <skipped/>
  </testcase> <!-- verifyPageTitle -->
</testsuite> <!-- VerifyTitle -->
